<?xml version="1.0" encoding="UTF-8"?>
<!-- Generated by org.testng.reporters.JUnitReportReporter -->
<testsuite skipped="0" hostname="ADMIN-PC" name="com.mycompany.app.Practice2" tests="3" failures="0" timestamp="11 Feb 2020 12:18:56 GMT" time="3.009" errors="0">
  <testcase name="testResponseCode" time="0.400" classname="com.mycompany.app.Practice2"/>
  <testcase name="testbody" time="0.195" classname="com.mycompany.app.Practice2"/>
  <testcase name="RegistrationSuccessful" time="2.414" classname="com.mycompany.app.Practice2"/>
</testsuite> <!-- com.mycompany.app.Practice2 -->
