<?xml version="1.0" encoding="UTF-8"?>
<!-- Generated by org.testng.reporters.JUnitReportReporter -->
<testsuite skipped="0" hostname="ADMIN-PC" name="com.mycompany.app.Practice3" tests="1" failures="0" timestamp="11 Feb 2020 12:37:59 GMT" time="2.314" errors="0">
  <testcase name="RegistrationSuccessful" time="2.314" classname="com.mycompany.app.Practice3"/>
</testsuite> <!-- com.mycompany.app.Practice3 -->
