<?xml version="1.0" encoding="UTF-8"?>
<!-- Generated by org.testng.reporters.JUnitReportReporter -->
<testsuite skipped="0" hostname="ADMIN-PC" name="com.mycompany.app.Practice" tests="2" failures="0" timestamp="11 Feb 2020 11:40:41 GMT" time="3.142" errors="0">
  <testcase name="testResponseCode" time="2.817" classname="com.mycompany.app.Practice"/>
  <testcase name="testbody" time="0.325" classname="com.mycompany.app.Practice"/>
</testsuite> <!-- com.mycompany.app.Practice -->
